# JRE version: Java(TM) SE Runtime Environment (8.0_40-b26) (build 1.8.0_40-b26)
# Java VM: Java HotSpot(TM) Client VM (25.40-b25 mixed mode windows-x86 )
Heap:
 def new generation   total 11008K, used 1732K [0x18400000, 0x18ff0000, 0x1d950000)
  eden space 9792K,   5% used [0x18400000, 0x18481088, 0x18d90000)
  from space 1216K, 100% used [0x18ec0000, 0x18ff0000, 0x18ff0000)
  to   space 1216K,   0% used [0x18d90000, 0x18d90000, 0x18ec0000)
 tenured generation   total 24404K, used 16408K [0x1d950000, 0x1f125000, 0x28400000)
   the space 24404K,  67% used [0x1d950000, 0x1e956060, 0x1e956200, 0x1f125000)
 Metaspace       used 21563K, capacity 21853K, committed 21888K, reserved 21888K
GC Heap History (10 events):
Event: 264.909 GC heap before
{Heap before GC invocations=26 (full 2):
 def new generation   total 8000K, used 8000K [0x18400000, 0x18ca0000, 0x1d950000)
  eden space 7168K, 100% used [0x18400000, 0x18b00000, 0x18b00000)
  from space 832K, 100% used [0x18bd0000, 0x18ca0000, 0x18ca0000)
  to   space 832K,   0% used [0x18b00000, 0x18b00000, 0x18bd0000)
 tenured generation   total 17588K, used 16040K [0x1d950000, 0x1ea7d000, 0x28400000)
   the space 17588K,  91% used [0x1d950000, 0x1e8fa3d8, 0x1e8fa400, 0x1ea7d000)
 Metaspace       used 18444K, capacity 18671K, committed 18688K, reserved 18816K
Event: 264.925 GC heap after
Heap after GC invocations=27 (full 2):
 def new generation   total 8000K, used 832K [0x18400000, 0x18ca0000, 0x1d950000)
  eden space 7168K,   0% used [0x18400000, 0x18400000, 0x18b00000)
  from space 832K, 100% used [0x18b00000, 0x18bd0000, 0x18bd0000)
  to   space 832K,   0% used [0x18bd0000, 0x18bd0000, 0x18ca0000)
 tenured generation   total 17588K, used 16902K [0x1d950000, 0x1ea7d000, 0x28400000)
   the space 17588K,  96% used [0x1d950000, 0x1e9d18f8, 0x1e9d1a00, 0x1ea7d000)
 Metaspace       used 18444K, capacity 18671K, committed 18688K, reserved 18816K
}
Event: 265.586 GC heap before
{Heap before GC invocations=27 (full 2):
 def new generation   total 8000K, used 8000K [0x18400000, 0x18ca0000, 0x1d950000)
  eden space 7168K, 100% used [0x18400000, 0x18b00000, 0x18b00000)
  from space 832K, 100% used [0x18b00000, 0x18bd0000, 0x18bd0000)
  to   space 832K,   0% used [0x18bd0000, 0x18bd0000, 0x18ca0000)
 tenured generation   total 17588K, used 16902K [0x1d950000, 0x1ea7d000, 0x28400000)
   the space 17588K,  96% used [0x1d950000, 0x1e9d18f8, 0x1e9d1a00, 0x1ea7d000)
 Metaspace       used 20060K, capacity 20318K, committed 20352K, reserved 20864K
Event: 265.706 GC heap after
Heap after GC invocations=28 (full 3):
 def new generation   total 11008K, used 0K [0x18400000, 0x18ff0000, 0x1d950000)
  eden space 9792K,   0% used [0x18400000, 0x18400000, 0x18d90000)
  from space 1216K,   0% used [0x18d90000, 0x18d90000, 0x18ec0000)
  to   space 1216K,   0% used [0x18ec0000, 0x18ec0000, 0x18ff0000)
 tenured generation   total 24404K, used 14640K [0x1d950000, 0x1f125000, 0x28400000)
   the space 24404K,  59% used [0x1d950000, 0x1e79c120, 0x1e79c200, 0x1f125000)
 Metaspace       used 20057K, capacity 20313K, committed 20352K, reserved 20864K
}
Event: 266.259 GC heap before
{Heap before GC invocations=28 (full 3):
 def new generation   total 11008K, used 9792K [0x18400000, 0x18ff0000, 0x1d950000)
  eden space 9792K, 100% used [0x18400000, 0x18d90000, 0x18d90000)
  from space 1216K,   0% used [0x18d90000, 0x18d90000, 0x18ec0000)
  to   space 1216K,   0% used [0x18ec0000, 0x18ec0000, 0x18ff0000)
 tenured generation   total 24404K, used 14640K [0x1d950000, 0x1f125000, 0x28400000)
   the space 24404K,  59% used [0x1d950000, 0x1e79c120, 0x1e79c200, 0x1f125000)
 Metaspace       used 20657K, capacity 20894K, committed 20992K, reserved 21888K
Event: 266.270 GC heap after
Heap after GC invocations=29 (full 3):
 def new generation   total 11008K, used 1216K [0x18400000, 0x18ff0000, 0x1d950000)
  eden space 9792K,   0% used [0x18400000, 0x18400000, 0x18d90000)
  from space 1216K, 100% used [0x18ec0000, 0x18ff0000, 0x18ff0000)
  to   space 1216K,   0% used [0x18d90000, 0x18d90000, 0x18ec0000)
 tenured generation   total 24404K, used 14906K [0x1d950000, 0x1f125000, 0x28400000)
   the space 24404K,  61% used [0x1d950000, 0x1e7de9a8, 0x1e7dea00, 0x1f125000)
 Metaspace       used 20657K, capacity 20894K, committed 20992K, reserved 21888K
}
Event: 266.924 GC heap before
{Heap before GC invocations=29 (full 3):
 def new generation   total 11008K, used 11008K [0x18400000, 0x18ff0000, 0x1d950000)
  eden space 9792K, 100% used [0x18400000, 0x18d90000, 0x18d90000)
  from space 1216K, 100% used [0x18ec0000, 0x18ff0000, 0x18ff0000)
  to   space 1216K,   0% used [0x18d90000, 0x18d90000, 0x18ec0000)
 tenured generation   total 24404K, used 14906K [0x1d950000, 0x1f125000, 0x28400000)
   the space 24404K,  61% used [0x1d950000, 0x1e7de9a8, 0x1e7dea00, 0x1f125000)
 Metaspace       used 20892K, capacity 21145K, committed 21248K, reserved 21888K
Event: 266.937 GC heap after
Heap after GC invocations=30 (full 3):
 def new generation   total 11008K, used 869K [0x18400000, 0x18ff0000, 0x1d950000)
  eden space 9792K,   0% used [0x18400000, 0x18400000, 0x18d90000)
  from space 1216K,  71% used [0x18d90000, 0x18e69458, 0x18ec0000)
  to   space 1216K,   0% used [0x18ec0000, 0x18ec0000, 0x18ff0000)
 tenured generation   total 24404K, used 15614K [0x1d950000, 0x1f125000, 0x28400000)
   the space 24404K,  63% used [0x1d950000, 0x1e88fb00, 0x1e88fc00, 0x1f125000)
 Metaspace       used 20892K, capacity 21145K, committed 21248K, reserved 21888K
}
Event: 267.901 GC heap before
{Heap before GC invocations=30 (full 3):
 def new generation   total 11008K, used 10661K [0x18400000, 0x18ff0000, 0x1d950000)
  eden space 9792K, 100% used [0x18400000, 0x18d90000, 0x18d90000)
  from space 1216K,  71% used [0x18d90000, 0x18e69458, 0x18ec0000)
  to   space 1216K,   0% used [0x18ec0000, 0x18ec0000, 0x18ff0000)
 tenured generation   total 24404K, used 15614K [0x1d950000, 0x1f125000, 0x28400000)
   the space 24404K,  63% used [0x1d950000, 0x1e88fb00, 0x1e88fc00, 0x1f125000)
 Metaspace       used 21563K, capacity 21853K, committed 21888K, reserved 21888K
Event: 267.919 GC heap after
Heap after GC invocations=31 (full 3):
 def new generation   total 11008K, used 1216K [0x18400000, 0x18ff0000, 0x1d950000)
  eden space 9792K,   0% used [0x18400000, 0x18400000, 0x18d90000)
  from space 1216K, 100% used [0x18ec0000, 0x18ff0000, 0x18ff0000)
  to   space 1216K,   0% used [0x18d90000, 0x18d90000, 0x18ec0000)
 tenured generation   total 24404K, used 16408K [0x1d950000, 0x1f125000, 0x28400000)
   the space 24404K,  67% used [0x1d950000, 0x1e956060, 0x1e956200, 0x1f125000)
 Metaspace       used 21563K, capacity 21853K, committed 21888K, reserved 21888K
}

